<?xml version="1.0" encoding="UTF-8"?>
<!-- Generated by org.testng.reporters.JUnitXMLReporter -->
<testsuite ignored="0" hostname="nitiraj" failures="0" tests="19" name="Default test" time="231.611" errors="0" timestamp="2024-09-02T00:07:27 IST">
  <testcase classname="Test.FinalTest" name="test1" time="3.399"/>
  <testcase classname="Test.FinalTest" name="test10" time="8.295"/>
  <testcase classname="Test.FinalTest" name="test11" time="7.186"/>
  <testcase classname="Test.FinalTest" name="test12" time="8.883"/>
  <testcase classname="Test.FinalTest" name="test13" time="9.062"/>
  <testcase classname="Test.FinalTest" name="test14" time="17.375"/>
  <testcase classname="Test.FinalTest" name="test15" time="5.314"/>
  <testcase classname="Test.FinalTest" name="test16" time="7.725"/>
  <testcase classname="Test.FinalTest" name="test17" time="5.545"/>
  <testcase classname="Test.FinalTest" name="test18" time="9.809"/>
  <testcase classname="Test.FinalTest" name="test19" time="7.497"/>
  <testcase classname="Test.FinalTest" name="test2" time="5.104"/>
  <testcase classname="Test.FinalTest" name="test3" time="3.482"/>
  <testcase classname="Test.FinalTest" name="test4" time="4.424"/>
  <testcase classname="Test.FinalTest" name="test5" time="3.389"/>
  <testcase classname="Test.FinalTest" name="test6" time="3.691"/>
  <testcase classname="Test.FinalTest" name="test7" time="3.425"/>
  <testcase classname="Test.FinalTest" name="test8" time="10.07"/>
  <testcase classname="Test.FinalTest" name="test9" time="20.699"/>
</testsuite> <!-- Default test -->
