<?xml version="1.0" encoding="UTF-8"?>
<testng-results ignored="0" total="19" passed="19" failed="0" skipped="0">
  <reporter-output>
  </reporter-output>
  <suite started-at="2024-09-02T00:03:35 IST" name="Default suite" finished-at="2024-09-02T00:07:27 IST" duration-ms="231611">
    <groups>
    </groups>
    <test started-at="2024-09-02T00:03:35 IST" name="Default test" finished-at="2024-09-02T00:07:27 IST" duration-ms="231611">
      <class name="Test.FinalTest">
        <test-method is-config="true" signature="reportconfig()[pri:0, instance:Test.FinalTest@2f4948e4]" started-at="2024-09-02T00:03:35 IST" name="reportconfig" finished-at="2024-09-02T00:03:36 IST" duration-ms="361" status="PASS">
          <reporter-output>
          </reporter-output>
        </test-method> <!-- reportconfig -->
        <test-method is-config="true" signature="setup()[pri:0, instance:Test.FinalTest@2f4948e4]" started-at="2024-09-02T00:03:36 IST" name="setup" finished-at="2024-09-02T00:03:41 IST" duration-ms="5268" status="PASS">
          <reporter-output>
          </reporter-output>
        </test-method> <!-- setup -->
        <test-method signature="test1()[pri:0, instance:Test.FinalTest@2f4948e4]" started-at="2024-09-02T00:03:41 IST" name="test1" finished-at="2024-09-02T00:03:44 IST" duration-ms="3399" status="PASS">
          <reporter-output>
          </reporter-output>
        </test-method> <!-- test1 -->
        <test-method is-config="true" signature="teardown()[pri:0, instance:Test.FinalTest@2f4948e4]" started-at="2024-09-02T00:03:44 IST" name="teardown" finished-at="2024-09-02T00:03:45 IST" duration-ms="245" status="PASS">
          <reporter-output>
          </reporter-output>
        </test-method> <!-- teardown -->
        <test-method is-config="true" signature="setup()[pri:0, instance:Test.FinalTest@2f4948e4]" started-at="2024-09-02T00:03:45 IST" name="setup" finished-at="2024-09-02T00:03:49 IST" duration-ms="4202" status="PASS">
          <reporter-output>
          </reporter-output>
        </test-method> <!-- setup -->
        <test-method signature="test10()[pri:0, instance:Test.FinalTest@2f4948e4]" started-at="2024-09-02T00:03:49 IST" name="test10" finished-at="2024-09-02T00:03:57 IST" duration-ms="8295" status="PASS">
          <reporter-output>
          </reporter-output>
        </test-method> <!-- test10 -->
        <test-method is-config="true" signature="teardown()[pri:0, instance:Test.FinalTest@2f4948e4]" started-at="2024-09-02T00:03:57 IST" name="teardown" finished-at="2024-09-02T00:03:57 IST" duration-ms="294" status="PASS">
          <reporter-output>
          </reporter-output>
        </test-method> <!-- teardown -->
        <test-method is-config="true" signature="setup()[pri:0, instance:Test.FinalTest@2f4948e4]" started-at="2024-09-02T00:03:57 IST" name="setup" finished-at="2024-09-02T00:04:01 IST" duration-ms="4147" status="PASS">
          <reporter-output>
          </reporter-output>
        </test-method> <!-- setup -->
        <test-method signature="test11()[pri:0, instance:Test.FinalTest@2f4948e4]" started-at="2024-09-02T00:04:01 IST" name="test11" finished-at="2024-09-02T00:04:09 IST" duration-ms="7186" status="PASS">
          <reporter-output>
          </reporter-output>
        </test-method> <!-- test11 -->
        <test-method is-config="true" signature="teardown()[pri:0, instance:Test.FinalTest@2f4948e4]" started-at="2024-09-02T00:04:09 IST" name="teardown" finished-at="2024-09-02T00:04:09 IST" duration-ms="604" status="PASS">
          <reporter-output>
          </reporter-output>
        </test-method> <!-- teardown -->
        <test-method is-config="true" signature="setup()[pri:0, instance:Test.FinalTest@2f4948e4]" started-at="2024-09-02T00:04:09 IST" name="setup" finished-at="2024-09-02T00:04:13 IST" duration-ms="4125" status="PASS">
          <reporter-output>
          </reporter-output>
        </test-method> <!-- setup -->
        <test-method signature="test12()[pri:0, instance:Test.FinalTest@2f4948e4]" started-at="2024-09-02T00:04:13 IST" name="test12" finished-at="2024-09-02T00:04:22 IST" duration-ms="8883" status="PASS">
          <reporter-output>
          </reporter-output>
        </test-method> <!-- test12 -->
        <test-method is-config="true" signature="teardown()[pri:0, instance:Test.FinalTest@2f4948e4]" started-at="2024-09-02T00:04:22 IST" name="teardown" finished-at="2024-09-02T00:04:23 IST" duration-ms="489" status="PASS">
          <reporter-output>
          </reporter-output>
        </test-method> <!-- teardown -->
        <test-method is-config="true" signature="setup()[pri:0, instance:Test.FinalTest@2f4948e4]" started-at="2024-09-02T00:04:23 IST" name="setup" finished-at="2024-09-02T00:04:28 IST" duration-ms="5700" status="PASS">
          <reporter-output>
          </reporter-output>
        </test-method> <!-- setup -->
        <test-method signature="test13()[pri:0, instance:Test.FinalTest@2f4948e4]" started-at="2024-09-02T00:04:28 IST" name="test13" finished-at="2024-09-02T00:04:38 IST" duration-ms="9062" status="PASS">
          <reporter-output>
          </reporter-output>
        </test-method> <!-- test13 -->
        <test-method is-config="true" signature="teardown()[pri:0, instance:Test.FinalTest@2f4948e4]" started-at="2024-09-02T00:04:38 IST" name="teardown" finished-at="2024-09-02T00:04:38 IST" duration-ms="212" status="PASS">
          <reporter-output>
          </reporter-output>
        </test-method> <!-- teardown -->
        <test-method is-config="true" signature="setup()[pri:0, instance:Test.FinalTest@2f4948e4]" started-at="2024-09-02T00:04:38 IST" name="setup" finished-at="2024-09-02T00:04:42 IST" duration-ms="4643" status="PASS">
          <reporter-output>
          </reporter-output>
        </test-method> <!-- setup -->
        <test-method signature="test14()[pri:0, instance:Test.FinalTest@2f4948e4]" started-at="2024-09-02T00:04:42 IST" name="test14" finished-at="2024-09-02T00:05:00 IST" duration-ms="17375" status="PASS">
          <reporter-output>
          </reporter-output>
        </test-method> <!-- test14 -->
        <test-method is-config="true" signature="teardown()[pri:0, instance:Test.FinalTest@2f4948e4]" started-at="2024-09-02T00:05:00 IST" name="teardown" finished-at="2024-09-02T00:05:00 IST" duration-ms="318" status="PASS">
          <reporter-output>
          </reporter-output>
        </test-method> <!-- teardown -->
        <test-method is-config="true" signature="setup()[pri:0, instance:Test.FinalTest@2f4948e4]" started-at="2024-09-02T00:05:00 IST" name="setup" finished-at="2024-09-02T00:05:04 IST" duration-ms="3681" status="PASS">
          <reporter-output>
          </reporter-output>
        </test-method> <!-- setup -->
        <test-method signature="test15()[pri:0, instance:Test.FinalTest@2f4948e4]" started-at="2024-09-02T00:05:04 IST" name="test15" finished-at="2024-09-02T00:05:09 IST" duration-ms="5314" status="PASS">
          <reporter-output>
          </reporter-output>
        </test-method> <!-- test15 -->
        <test-method is-config="true" signature="teardown()[pri:0, instance:Test.FinalTest@2f4948e4]" started-at="2024-09-02T00:05:09 IST" name="teardown" finished-at="2024-09-02T00:05:09 IST" duration-ms="247" status="PASS">
          <reporter-output>
          </reporter-output>
        </test-method> <!-- teardown -->
        <test-method is-config="true" signature="setup()[pri:0, instance:Test.FinalTest@2f4948e4]" started-at="2024-09-02T00:05:09 IST" name="setup" finished-at="2024-09-02T00:05:13 IST" duration-ms="3505" status="PASS">
          <reporter-output>
          </reporter-output>
        </test-method> <!-- setup -->
        <test-method signature="test16()[pri:0, instance:Test.FinalTest@2f4948e4]" started-at="2024-09-02T00:05:13 IST" name="test16" finished-at="2024-09-02T00:05:21 IST" duration-ms="7725" status="PASS">
          <reporter-output>
          </reporter-output>
        </test-method> <!-- test16 -->
        <test-method is-config="true" signature="teardown()[pri:0, instance:Test.FinalTest@2f4948e4]" started-at="2024-09-02T00:05:21 IST" name="teardown" finished-at="2024-09-02T00:05:21 IST" duration-ms="248" status="PASS">
          <reporter-output>
          </reporter-output>
        </test-method> <!-- teardown -->
        <test-method is-config="true" signature="setup()[pri:0, instance:Test.FinalTest@2f4948e4]" started-at="2024-09-02T00:05:21 IST" name="setup" finished-at="2024-09-02T00:05:25 IST" duration-ms="3957" status="PASS">
          <reporter-output>
          </reporter-output>
        </test-method> <!-- setup -->
        <test-method signature="test17()[pri:0, instance:Test.FinalTest@2f4948e4]" started-at="2024-09-02T00:05:25 IST" name="test17" finished-at="2024-09-02T00:05:30 IST" duration-ms="5545" status="PASS">
          <reporter-output>
          </reporter-output>
        </test-method> <!-- test17 -->
        <test-method is-config="true" signature="teardown()[pri:0, instance:Test.FinalTest@2f4948e4]" started-at="2024-09-02T00:05:30 IST" name="teardown" finished-at="2024-09-02T00:05:31 IST" duration-ms="322" status="PASS">
          <reporter-output>
          </reporter-output>
        </test-method> <!-- teardown -->
        <test-method is-config="true" signature="setup()[pri:0, instance:Test.FinalTest@2f4948e4]" started-at="2024-09-02T00:05:31 IST" name="setup" finished-at="2024-09-02T00:05:35 IST" duration-ms="4149" status="PASS">
          <reporter-output>
          </reporter-output>
        </test-method> <!-- setup -->
        <test-method signature="test18()[pri:0, instance:Test.FinalTest@2f4948e4]" started-at="2024-09-02T00:05:35 IST" name="test18" finished-at="2024-09-02T00:05:45 IST" duration-ms="9809" status="PASS">
          <reporter-output>
          </reporter-output>
        </test-method> <!-- test18 -->
        <test-method is-config="true" signature="teardown()[pri:0, instance:Test.FinalTest@2f4948e4]" started-at="2024-09-02T00:05:45 IST" name="teardown" finished-at="2024-09-02T00:05:45 IST" duration-ms="275" status="PASS">
          <reporter-output>
          </reporter-output>
        </test-method> <!-- teardown -->
        <test-method is-config="true" signature="setup()[pri:0, instance:Test.FinalTest@2f4948e4]" started-at="2024-09-02T00:05:45 IST" name="setup" finished-at="2024-09-02T00:05:49 IST" duration-ms="4237" status="PASS">
          <reporter-output>
          </reporter-output>
        </test-method> <!-- setup -->
        <test-method signature="test19()[pri:0, instance:Test.FinalTest@2f4948e4]" started-at="2024-09-02T00:05:49 IST" name="test19" finished-at="2024-09-02T00:05:57 IST" duration-ms="7497" status="PASS">
          <reporter-output>
          </reporter-output>
        </test-method> <!-- test19 -->
        <test-method is-config="true" signature="teardown()[pri:0, instance:Test.FinalTest@2f4948e4]" started-at="2024-09-02T00:05:57 IST" name="teardown" finished-at="2024-09-02T00:05:57 IST" duration-ms="292" status="PASS">
          <reporter-output>
          </reporter-output>
        </test-method> <!-- teardown -->
        <test-method is-config="true" signature="setup()[pri:0, instance:Test.FinalTest@2f4948e4]" started-at="2024-09-02T00:05:57 IST" name="setup" finished-at="2024-09-02T00:06:01 IST" duration-ms="4202" status="PASS">
          <reporter-output>
          </reporter-output>
        </test-method> <!-- setup -->
        <test-method signature="test2()[pri:0, instance:Test.FinalTest@2f4948e4]" started-at="2024-09-02T00:06:01 IST" name="test2" finished-at="2024-09-02T00:06:06 IST" duration-ms="5104" status="PASS">
          <reporter-output>
          </reporter-output>
        </test-method> <!-- test2 -->
        <test-method is-config="true" signature="teardown()[pri:0, instance:Test.FinalTest@2f4948e4]" started-at="2024-09-02T00:06:06 IST" name="teardown" finished-at="2024-09-02T00:06:06 IST" duration-ms="244" status="PASS">
          <reporter-output>
          </reporter-output>
        </test-method> <!-- teardown -->
        <test-method is-config="true" signature="setup()[pri:0, instance:Test.FinalTest@2f4948e4]" started-at="2024-09-02T00:06:06 IST" name="setup" finished-at="2024-09-02T00:06:10 IST" duration-ms="3999" status="PASS">
          <reporter-output>
          </reporter-output>
        </test-method> <!-- setup -->
        <test-method signature="test3()[pri:0, instance:Test.FinalTest@2f4948e4]" started-at="2024-09-02T00:06:10 IST" name="test3" finished-at="2024-09-02T00:06:14 IST" duration-ms="3482" status="PASS">
          <reporter-output>
          </reporter-output>
        </test-method> <!-- test3 -->
        <test-method is-config="true" signature="teardown()[pri:0, instance:Test.FinalTest@2f4948e4]" started-at="2024-09-02T00:06:14 IST" name="teardown" finished-at="2024-09-02T00:06:14 IST" duration-ms="175" status="PASS">
          <reporter-output>
          </reporter-output>
        </test-method> <!-- teardown -->
        <test-method is-config="true" signature="setup()[pri:0, instance:Test.FinalTest@2f4948e4]" started-at="2024-09-02T00:06:14 IST" name="setup" finished-at="2024-09-02T00:06:18 IST" duration-ms="3746" status="PASS">
          <reporter-output>
          </reporter-output>
        </test-method> <!-- setup -->
        <test-method signature="test4()[pri:0, instance:Test.FinalTest@2f4948e4]" started-at="2024-09-02T00:06:18 IST" name="test4" finished-at="2024-09-02T00:06:22 IST" duration-ms="4424" status="PASS">
          <reporter-output>
          </reporter-output>
        </test-method> <!-- test4 -->
        <test-method is-config="true" signature="teardown()[pri:0, instance:Test.FinalTest@2f4948e4]" started-at="2024-09-02T00:06:22 IST" name="teardown" finished-at="2024-09-02T00:06:23 IST" duration-ms="231" status="PASS">
          <reporter-output>
          </reporter-output>
        </test-method> <!-- teardown -->
        <test-method is-config="true" signature="setup()[pri:0, instance:Test.FinalTest@2f4948e4]" started-at="2024-09-02T00:06:23 IST" name="setup" finished-at="2024-09-02T00:06:27 IST" duration-ms="4792" status="PASS">
          <reporter-output>
          </reporter-output>
        </test-method> <!-- setup -->
        <test-method signature="test5()[pri:0, instance:Test.FinalTest@2f4948e4]" started-at="2024-09-02T00:06:27 IST" name="test5" finished-at="2024-09-02T00:06:31 IST" duration-ms="3389" status="PASS">
          <reporter-output>
          </reporter-output>
        </test-method> <!-- test5 -->
        <test-method is-config="true" signature="teardown()[pri:0, instance:Test.FinalTest@2f4948e4]" started-at="2024-09-02T00:06:31 IST" name="teardown" finished-at="2024-09-02T00:06:31 IST" duration-ms="159" status="PASS">
          <reporter-output>
          </reporter-output>
        </test-method> <!-- teardown -->
        <test-method is-config="true" signature="setup()[pri:0, instance:Test.FinalTest@2f4948e4]" started-at="2024-09-02T00:06:31 IST" name="setup" finished-at="2024-09-02T00:06:35 IST" duration-ms="3762" status="PASS">
          <reporter-output>
          </reporter-output>
        </test-method> <!-- setup -->
        <test-method signature="test6()[pri:0, instance:Test.FinalTest@2f4948e4]" started-at="2024-09-02T00:06:35 IST" name="test6" finished-at="2024-09-02T00:06:38 IST" duration-ms="3691" status="PASS">
          <reporter-output>
          </reporter-output>
        </test-method> <!-- test6 -->
        <test-method is-config="true" signature="teardown()[pri:0, instance:Test.FinalTest@2f4948e4]" started-at="2024-09-02T00:06:38 IST" name="teardown" finished-at="2024-09-02T00:06:39 IST" duration-ms="272" status="PASS">
          <reporter-output>
          </reporter-output>
        </test-method> <!-- teardown -->
        <test-method is-config="true" signature="setup()[pri:0, instance:Test.FinalTest@2f4948e4]" started-at="2024-09-02T00:06:39 IST" name="setup" finished-at="2024-09-02T00:06:43 IST" duration-ms="4134" status="PASS">
          <reporter-output>
          </reporter-output>
        </test-method> <!-- setup -->
        <test-method signature="test7()[pri:0, instance:Test.FinalTest@2f4948e4]" started-at="2024-09-02T00:06:43 IST" name="test7" finished-at="2024-09-02T00:06:46 IST" duration-ms="3425" status="PASS">
          <reporter-output>
          </reporter-output>
        </test-method> <!-- test7 -->
        <test-method is-config="true" signature="teardown()[pri:0, instance:Test.FinalTest@2f4948e4]" started-at="2024-09-02T00:06:46 IST" name="teardown" finished-at="2024-09-02T00:06:46 IST" duration-ms="223" status="PASS">
          <reporter-output>
          </reporter-output>
        </test-method> <!-- teardown -->
        <test-method is-config="true" signature="setup()[pri:0, instance:Test.FinalTest@2f4948e4]" started-at="2024-09-02T00:06:46 IST" name="setup" finished-at="2024-09-02T00:06:50 IST" duration-ms="3567" status="PASS">
          <reporter-output>
          </reporter-output>
        </test-method> <!-- setup -->
        <test-method signature="test8()[pri:0, instance:Test.FinalTest@2f4948e4]" started-at="2024-09-02T00:06:50 IST" name="test8" finished-at="2024-09-02T00:07:00 IST" duration-ms="10070" status="PASS">
          <reporter-output>
          </reporter-output>
        </test-method> <!-- test8 -->
        <test-method is-config="true" signature="teardown()[pri:0, instance:Test.FinalTest@2f4948e4]" started-at="2024-09-02T00:07:00 IST" name="teardown" finished-at="2024-09-02T00:07:00 IST" duration-ms="253" status="PASS">
          <reporter-output>
          </reporter-output>
        </test-method> <!-- teardown -->
        <test-method is-config="true" signature="setup()[pri:0, instance:Test.FinalTest@2f4948e4]" started-at="2024-09-02T00:07:00 IST" name="setup" finished-at="2024-09-02T00:07:05 IST" duration-ms="4638" status="PASS">
          <reporter-output>
          </reporter-output>
        </test-method> <!-- setup -->
        <test-method signature="test9()[pri:0, instance:Test.FinalTest@2f4948e4]" started-at="2024-09-02T00:07:05 IST" name="test9" finished-at="2024-09-02T00:07:26 IST" duration-ms="20699" status="PASS">
          <reporter-output>
          </reporter-output>
        </test-method> <!-- test9 -->
        <test-method is-config="true" signature="teardown()[pri:0, instance:Test.FinalTest@2f4948e4]" started-at="2024-09-02T00:07:26 IST" name="teardown" finished-at="2024-09-02T00:07:26 IST" duration-ms="322" status="PASS">
          <reporter-output>
          </reporter-output>
        </test-method> <!-- teardown -->
        <test-method is-config="true" signature="flush()[pri:0, instance:Test.FinalTest@2f4948e4]" started-at="2024-09-02T00:07:26 IST" name="flush" finished-at="2024-09-02T00:07:27 IST" duration-ms="775" status="PASS">
          <reporter-output>
          </reporter-output>
        </test-method> <!-- flush -->
      </class> <!-- Test.FinalTest -->
    </test> <!-- Default test -->
  </suite> <!-- Default suite -->
</testng-results>
